----------------------------------------------------------------
Wed Nov 13 12:37:49 CET 2024:
Booting Derby version The Apache Software Foundation - Apache Derby - 10.16.1.1 - (1901046): instance a816c00e-0193-2550-bd94-0000011013e0 
on database directory C:\Users\nuria\Desktop\master\App\Grupo_entrega\Saap_group\store-app\store-app\work\database with class loader jdk.internal.loader.ClassLoaders$AppClassLoader@33909752 
Loaded from file:/C:/Users/nuria/.m2/repository/org/apache/derby/derby/10.16.1.1/derby-10.16.1.1.jar
java.vendor=Eclipse Adoptium
java.runtime.version=21.0.4+7-LTS
user.dir=C:\Users\nuria\Desktop\master\App\Grupo_entrega\Saap_group\store-app\store-app
os.name=Windows 11
os.arch=amd64
os.version=10.0
derby.system.home=null
Database Class Loader started - derby.database.classpath=''
----------------------------------------------------------------
Wed Nov 13 12:40:14 CET 2024:
Shutting down instance a816c00e-0193-2550-bd94-0000011013e0 on database directory C:\Users\nuria\Desktop\master\App\Grupo_entrega\Saap_group\store-app\store-app\work\database with class loader jdk.internal.loader.ClassLoaders$AppClassLoader@33909752 
Wed Nov 13 12:40:15 CET 2024 Thread[#474,Thread-20,5,main] Cleanup action starting
ERROR XBM0I: Directory work/database cannot be removed.
	at org.apache.derby.shared.common.error.StandardException.newException(StandardException.java:299)
	at org.apache.derby.shared.common.error.StandardException.newException(StandardException.java:294)
	at org.apache.derby.iapi.services.monitor.Monitor.removePersistentService(Monitor.java:663)
	at org.apache.derby.impl.jdbc.EmbedConnection.removePersistentService(EmbedConnection.java:4014)
	at org.apache.derby.impl.jdbc.EmbedConnection.<init>(EmbedConnection.java:620)
	at org.apache.derby.iapi.jdbc.InternalDriver.getNewEmbedConnection(InternalDriver.java:630)
	at org.apache.derby.iapi.jdbc.InternalDriver$LoginCallable.call(InternalDriver.java:400)
	at org.apache.derby.iapi.jdbc.InternalDriver$LoginCallable.call(InternalDriver.java:376)
	at java.base/java.util.concurrent.FutureTask.run(FutureTask.java:317)
	at java.base/java.util.concurrent.ThreadPoolExecutor.runWorker(ThreadPoolExecutor.java:1144)
	at java.base/java.util.concurrent.ThreadPoolExecutor$Worker.run(ThreadPoolExecutor.java:642)
	at java.base/java.lang.Thread.run(Thread.java:1583)
Cleanup action completed
Wed Nov 13 12:40:15 CET 2024 Thread[#474,Thread-20,5,main] Cleanup action starting
ERROR XBM0I: Directory work/database cannot be removed.
	at org.apache.derby.shared.common.error.StandardException.newException(StandardException.java:299)
	at org.apache.derby.shared.common.error.StandardException.newException(StandardException.java:294)
	at org.apache.derby.iapi.services.monitor.Monitor.removePersistentService(Monitor.java:663)
	at org.apache.derby.impl.jdbc.EmbedConnection.removePersistentService(EmbedConnection.java:4014)
	at org.apache.derby.impl.jdbc.EmbedConnection.<init>(EmbedConnection.java:620)
	at org.apache.derby.iapi.jdbc.InternalDriver.getNewEmbedConnection(InternalDriver.java:630)
	at org.apache.derby.iapi.jdbc.InternalDriver$LoginCallable.call(InternalDriver.java:400)
	at org.apache.derby.iapi.jdbc.InternalDriver$LoginCallable.call(InternalDriver.java:376)
	at java.base/java.util.concurrent.FutureTask.run(FutureTask.java:317)
	at java.base/java.util.concurrent.ThreadPoolExecutor.runWorker(ThreadPoolExecutor.java:1144)
	at java.base/java.util.concurrent.ThreadPoolExecutor$Worker.run(ThreadPoolExecutor.java:642)
	at java.base/java.lang.Thread.run(Thread.java:1583)
Cleanup action completed
----------------------------------------------------------------
Wed Nov 13 12:40:15 CET 2024:
Booting Derby version The Apache Software Foundation - Apache Derby - 10.16.1.1 - (1901046): instance 601a400f-0193-2550-bd94-0000011013e0 
on database directory memory:C:\Users\nuria\Desktop\master\App\Grupo_entrega\Saap_group\store-app\store-app\30f013e6-14e3-4ca3-9b4c-5814f3cd49d8 with class loader jdk.internal.loader.ClassLoaders$AppClassLoader@33909752 
Loaded from file:/C:/Users/nuria/.m2/repository/org/apache/derby/derby/10.16.1.1/derby-10.16.1.1.jar
java.vendor=Eclipse Adoptium
java.runtime.version=21.0.4+7-LTS
user.dir=C:\Users\nuria\Desktop\master\App\Grupo_entrega\Saap_group\store-app\store-app
os.name=Windows 11
os.arch=amd64
os.version=10.0
derby.system.home=null
Database Class Loader started - derby.database.classpath=''
----------------------------------------------------------------
Wed Nov 13 12:40:17 CET 2024:
Shutting down instance 601a400f-0193-2550-bd94-0000011013e0 on database directory memory:C:\Users\nuria\Desktop\master\App\Grupo_entrega\Saap_group\store-app\store-app\30f013e6-14e3-4ca3-9b4c-5814f3cd49d8 with class loader jdk.internal.loader.ClassLoaders$AppClassLoader@33909752 
----------------------------------------------------------------
Wed Nov 13 12:40:23 CET 2024:
Booting Derby version The Apache Software Foundation - Apache Derby - 10.16.1.1 - (1901046): instance 5e52817c-0193-2550-bd94-0000011013e0 
on database directory C:\Users\nuria\Desktop\master\App\Grupo_entrega\Saap_group\store-app\store-app\work\database with class loader jdk.internal.loader.ClassLoaders$AppClassLoader@33909752 
Loaded from file:/C:/Users/nuria/.m2/repository/org/apache/derby/derby/10.16.1.1/derby-10.16.1.1.jar
java.vendor=Eclipse Adoptium
java.runtime.version=21.0.4+7-LTS
user.dir=C:\Users\nuria\Desktop\master\App\Grupo_entrega\Saap_group\store-app\store-app
os.name=Windows 11
os.arch=amd64
os.version=10.0
derby.system.home=null
Database Class Loader started - derby.database.classpath=''
----------------------------------------------------------------
Wed Nov 13 12:40:27 CET 2024:
Shutting down instance 5e52817c-0193-2550-bd94-0000011013e0 on database directory C:\Users\nuria\Desktop\master\App\Grupo_entrega\Saap_group\store-app\store-app\work\database with class loader jdk.internal.loader.ClassLoaders$AppClassLoader@33909752 
Wed Nov 13 12:40:27 CET 2024 Thread[#925,Thread-51,5,main] Cleanup action starting
ERROR XBM0I: Directory work/database cannot be removed.
	at org.apache.derby.shared.common.error.StandardException.newException(StandardException.java:299)
	at org.apache.derby.shared.common.error.StandardException.newException(StandardException.java:294)
	at org.apache.derby.iapi.services.monitor.Monitor.removePersistentService(Monitor.java:663)
	at org.apache.derby.impl.jdbc.EmbedConnection.removePersistentService(EmbedConnection.java:4014)
	at org.apache.derby.impl.jdbc.EmbedConnection.<init>(EmbedConnection.java:620)
	at org.apache.derby.iapi.jdbc.InternalDriver.getNewEmbedConnection(InternalDriver.java:630)
	at org.apache.derby.iapi.jdbc.InternalDriver$LoginCallable.call(InternalDriver.java:400)
	at org.apache.derby.iapi.jdbc.InternalDriver$LoginCallable.call(InternalDriver.java:376)
	at java.base/java.util.concurrent.FutureTask.run(FutureTask.java:317)
	at java.base/java.util.concurrent.ThreadPoolExecutor.runWorker(ThreadPoolExecutor.java:1144)
	at java.base/java.util.concurrent.ThreadPoolExecutor$Worker.run(ThreadPoolExecutor.java:642)
	at java.base/java.lang.Thread.run(Thread.java:1583)
Cleanup action completed
Wed Nov 13 12:40:27 CET 2024 Thread[#925,Thread-51,5,main] Cleanup action starting
ERROR XBM0I: Directory work/database cannot be removed.
	at org.apache.derby.shared.common.error.StandardException.newException(StandardException.java:299)
	at org.apache.derby.shared.common.error.StandardException.newException(StandardException.java:294)
	at org.apache.derby.iapi.services.monitor.Monitor.removePersistentService(Monitor.java:663)
	at org.apache.derby.impl.jdbc.EmbedConnection.removePersistentService(EmbedConnection.java:4014)
	at org.apache.derby.impl.jdbc.EmbedConnection.<init>(EmbedConnection.java:620)
	at org.apache.derby.iapi.jdbc.InternalDriver.getNewEmbedConnection(InternalDriver.java:630)
	at org.apache.derby.iapi.jdbc.InternalDriver$LoginCallable.call(InternalDriver.java:400)
	at org.apache.derby.iapi.jdbc.InternalDriver$LoginCallable.call(InternalDriver.java:376)
	at java.base/java.util.concurrent.FutureTask.run(FutureTask.java:317)
	at java.base/java.util.concurrent.ThreadPoolExecutor.runWorker(ThreadPoolExecutor.java:1144)
	at java.base/java.util.concurrent.ThreadPoolExecutor$Worker.run(ThreadPoolExecutor.java:642)
	at java.base/java.lang.Thread.run(Thread.java:1583)
Cleanup action completed
----------------------------------------------------------------
Wed Nov 13 12:40:28 CET 2024:
Booting Derby version The Apache Software Foundation - Apache Derby - 10.16.1.1 - (1901046): instance 06b1817d-0193-2550-bd94-0000011013e0 
on database directory C:\Users\nuria\Desktop\master\App\Grupo_entrega\Saap_group\store-app\store-app\work\database with class loader jdk.internal.loader.ClassLoaders$AppClassLoader@33909752 
Loaded from file:/C:/Users/nuria/.m2/repository/org/apache/derby/derby/10.16.1.1/derby-10.16.1.1.jar
java.vendor=Eclipse Adoptium
java.runtime.version=21.0.4+7-LTS
user.dir=C:\Users\nuria\Desktop\master\App\Grupo_entrega\Saap_group\store-app\store-app
os.name=Windows 11
os.arch=amd64
os.version=10.0
derby.system.home=null
Database Class Loader started - derby.database.classpath=''
----------------------------------------------------------------
Wed Nov 13 12:43:53 CET 2024:
Shutting down instance 06b1817d-0193-2550-bd94-0000011013e0 on database directory C:\Users\nuria\Desktop\master\App\Grupo_entrega\Saap_group\store-app\store-app\work\database with class loader jdk.internal.loader.ClassLoaders$AppClassLoader@33909752 
Wed Nov 13 12:43:53 CET 2024 Thread[#1353,Thread-67,5,main] Cleanup action starting
ERROR XBM0I: Directory work/database cannot be removed.
	at org.apache.derby.shared.common.error.StandardException.newException(StandardException.java:299)
	at org.apache.derby.shared.common.error.StandardException.newException(StandardException.java:294)
	at org.apache.derby.iapi.services.monitor.Monitor.removePersistentService(Monitor.java:663)
	at org.apache.derby.impl.jdbc.EmbedConnection.removePersistentService(EmbedConnection.java:4014)
	at org.apache.derby.impl.jdbc.EmbedConnection.<init>(EmbedConnection.java:620)
	at org.apache.derby.iapi.jdbc.InternalDriver.getNewEmbedConnection(InternalDriver.java:630)
	at org.apache.derby.iapi.jdbc.InternalDriver$LoginCallable.call(InternalDriver.java:400)
	at org.apache.derby.iapi.jdbc.InternalDriver$LoginCallable.call(InternalDriver.java:376)
	at java.base/java.util.concurrent.FutureTask.run(FutureTask.java:317)
	at java.base/java.util.concurrent.ThreadPoolExecutor.runWorker(ThreadPoolExecutor.java:1144)
	at java.base/java.util.concurrent.ThreadPoolExecutor$Worker.run(ThreadPoolExecutor.java:642)
	at java.base/java.lang.Thread.run(Thread.java:1583)
Cleanup action completed
Wed Nov 13 12:43:53 CET 2024 Thread[#1353,Thread-67,5,main] Cleanup action starting
ERROR XBM0I: Directory work/database cannot be removed.
	at org.apache.derby.shared.common.error.StandardException.newException(StandardException.java:299)
	at org.apache.derby.shared.common.error.StandardException.newException(StandardException.java:294)
	at org.apache.derby.iapi.services.monitor.Monitor.removePersistentService(Monitor.java:663)
	at org.apache.derby.impl.jdbc.EmbedConnection.removePersistentService(EmbedConnection.java:4014)
	at org.apache.derby.impl.jdbc.EmbedConnection.<init>(EmbedConnection.java:620)
	at org.apache.derby.iapi.jdbc.InternalDriver.getNewEmbedConnection(InternalDriver.java:630)
	at org.apache.derby.iapi.jdbc.InternalDriver$LoginCallable.call(InternalDriver.java:400)
	at org.apache.derby.iapi.jdbc.InternalDriver$LoginCallable.call(InternalDriver.java:376)
	at java.base/java.util.concurrent.FutureTask.run(FutureTask.java:317)
	at java.base/java.util.concurrent.ThreadPoolExecutor.runWorker(ThreadPoolExecutor.java:1144)
	at java.base/java.util.concurrent.ThreadPoolExecutor$Worker.run(ThreadPoolExecutor.java:642)
	at java.base/java.lang.Thread.run(Thread.java:1583)
Cleanup action completed
----------------------------------------------------------------
Wed Nov 13 12:43:54 CET 2024:
Booting Derby version The Apache Software Foundation - Apache Derby - 10.16.1.1 - (1901046): instance 82d70188-0193-2550-bd94-0000011013e0 
on database directory C:\Users\nuria\Desktop\master\App\Grupo_entrega\Saap_group\store-app\store-app\work\database with class loader jdk.internal.loader.ClassLoaders$AppClassLoader@33909752 
Loaded from file:/C:/Users/nuria/.m2/repository/org/apache/derby/derby/10.16.1.1/derby-10.16.1.1.jar
java.vendor=Eclipse Adoptium
java.runtime.version=21.0.4+7-LTS
user.dir=C:\Users\nuria\Desktop\master\App\Grupo_entrega\Saap_group\store-app\store-app
os.name=Windows 11
os.arch=amd64
os.version=10.0
derby.system.home=null
Database Class Loader started - derby.database.classpath=''
----------------------------------------------------------------
Wed Nov 13 12:44:45 CET 2024:
Shutting down instance 82d70188-0193-2550-bd94-0000011013e0 on database directory C:\Users\nuria\Desktop\master\App\Grupo_entrega\Saap_group\store-app\store-app\work\database with class loader jdk.internal.loader.ClassLoaders$AppClassLoader@33909752 
Wed Nov 13 12:44:45 CET 2024 Thread[#1782,Thread-83,5,main] Cleanup action starting
ERROR XBM0I: Directory work/database cannot be removed.
	at org.apache.derby.shared.common.error.StandardException.newException(StandardException.java:299)
	at org.apache.derby.shared.common.error.StandardException.newException(StandardException.java:294)
	at org.apache.derby.iapi.services.monitor.Monitor.removePersistentService(Monitor.java:663)
	at org.apache.derby.impl.jdbc.EmbedConnection.removePersistentService(EmbedConnection.java:4014)
	at org.apache.derby.impl.jdbc.EmbedConnection.<init>(EmbedConnection.java:620)
	at org.apache.derby.iapi.jdbc.InternalDriver.getNewEmbedConnection(InternalDriver.java:630)
	at org.apache.derby.iapi.jdbc.InternalDriver$LoginCallable.call(InternalDriver.java:400)
	at org.apache.derby.iapi.jdbc.InternalDriver$LoginCallable.call(InternalDriver.java:376)
	at java.base/java.util.concurrent.FutureTask.run(FutureTask.java:317)
	at java.base/java.util.concurrent.ThreadPoolExecutor.runWorker(ThreadPoolExecutor.java:1144)
	at java.base/java.util.concurrent.ThreadPoolExecutor$Worker.run(ThreadPoolExecutor.java:642)
	at java.base/java.lang.Thread.run(Thread.java:1583)
Cleanup action completed
Wed Nov 13 12:44:45 CET 2024 Thread[#1782,Thread-83,5,main] Cleanup action starting
ERROR XBM0I: Directory work/database cannot be removed.
	at org.apache.derby.shared.common.error.StandardException.newException(StandardException.java:299)
	at org.apache.derby.shared.common.error.StandardException.newException(StandardException.java:294)
	at org.apache.derby.iapi.services.monitor.Monitor.removePersistentService(Monitor.java:663)
	at org.apache.derby.impl.jdbc.EmbedConnection.removePersistentService(EmbedConnection.java:4014)
	at org.apache.derby.impl.jdbc.EmbedConnection.<init>(EmbedConnection.java:620)
	at org.apache.derby.iapi.jdbc.InternalDriver.getNewEmbedConnection(InternalDriver.java:630)
	at org.apache.derby.iapi.jdbc.InternalDriver$LoginCallable.call(InternalDriver.java:400)
	at org.apache.derby.iapi.jdbc.InternalDriver$LoginCallable.call(InternalDriver.java:376)
	at java.base/java.util.concurrent.FutureTask.run(FutureTask.java:317)
	at java.base/java.util.concurrent.ThreadPoolExecutor.runWorker(ThreadPoolExecutor.java:1144)
	at java.base/java.util.concurrent.ThreadPoolExecutor$Worker.run(ThreadPoolExecutor.java:642)
	at java.base/java.lang.Thread.run(Thread.java:1583)
Cleanup action completed
----------------------------------------------------------------
Wed Nov 13 12:44:46 CET 2024:
Booting Derby version The Apache Software Foundation - Apache Derby - 10.16.1.1 - (1901046): instance d4b401a1-0193-2550-bd94-0000011013e0 
on database directory C:\Users\nuria\Desktop\master\App\Grupo_entrega\Saap_group\store-app\store-app\work\database with class loader jdk.internal.loader.ClassLoaders$AppClassLoader@33909752 
Loaded from file:/C:/Users/nuria/.m2/repository/org/apache/derby/derby/10.16.1.1/derby-10.16.1.1.jar
java.vendor=Eclipse Adoptium
java.runtime.version=21.0.4+7-LTS
user.dir=C:\Users\nuria\Desktop\master\App\Grupo_entrega\Saap_group\store-app\store-app
os.name=Windows 11
os.arch=amd64
os.version=10.0
derby.system.home=null
Database Class Loader started - derby.database.classpath=''
----------------------------------------------------------------
Wed Nov 13 12:45:16 CET 2024:
Shutting down instance d4b401a1-0193-2550-bd94-0000011013e0 on database directory C:\Users\nuria\Desktop\master\App\Grupo_entrega\Saap_group\store-app\store-app\work\database with class loader jdk.internal.loader.ClassLoaders$AppClassLoader@33909752 
Wed Nov 13 12:45:16 CET 2024 Thread[#2211,Thread-99,5,main] Cleanup action starting
ERROR XBM0I: Directory work/database cannot be removed.
	at org.apache.derby.shared.common.error.StandardException.newException(StandardException.java:299)
	at org.apache.derby.shared.common.error.StandardException.newException(StandardException.java:294)
	at org.apache.derby.iapi.services.monitor.Monitor.removePersistentService(Monitor.java:663)
	at org.apache.derby.impl.jdbc.EmbedConnection.removePersistentService(EmbedConnection.java:4014)
	at org.apache.derby.impl.jdbc.EmbedConnection.<init>(EmbedConnection.java:620)
	at org.apache.derby.iapi.jdbc.InternalDriver.getNewEmbedConnection(InternalDriver.java:630)
	at org.apache.derby.iapi.jdbc.InternalDriver$LoginCallable.call(InternalDriver.java:400)
	at org.apache.derby.iapi.jdbc.InternalDriver$LoginCallable.call(InternalDriver.java:376)
	at java.base/java.util.concurrent.FutureTask.run(FutureTask.java:317)
	at java.base/java.util.concurrent.ThreadPoolExecutor.runWorker(ThreadPoolExecutor.java:1144)
	at java.base/java.util.concurrent.ThreadPoolExecutor$Worker.run(ThreadPoolExecutor.java:642)
	at java.base/java.lang.Thread.run(Thread.java:1583)
Cleanup action completed
Wed Nov 13 12:45:16 CET 2024 Thread[#2211,Thread-99,5,main] Cleanup action starting
ERROR XBM0I: Directory work/database cannot be removed.
	at org.apache.derby.shared.common.error.StandardException.newException(StandardException.java:299)
	at org.apache.derby.shared.common.error.StandardException.newException(StandardException.java:294)
	at org.apache.derby.iapi.services.monitor.Monitor.removePersistentService(Monitor.java:663)
	at org.apache.derby.impl.jdbc.EmbedConnection.removePersistentService(EmbedConnection.java:4014)
	at org.apache.derby.impl.jdbc.EmbedConnection.<init>(EmbedConnection.java:620)
	at org.apache.derby.iapi.jdbc.InternalDriver.getNewEmbedConnection(InternalDriver.java:630)
	at org.apache.derby.iapi.jdbc.InternalDriver$LoginCallable.call(InternalDriver.java:400)
	at org.apache.derby.iapi.jdbc.InternalDriver$LoginCallable.call(InternalDriver.java:376)
	at java.base/java.util.concurrent.FutureTask.run(FutureTask.java:317)
	at java.base/java.util.concurrent.ThreadPoolExecutor.runWorker(ThreadPoolExecutor.java:1144)
	at java.base/java.util.concurrent.ThreadPoolExecutor$Worker.run(ThreadPoolExecutor.java:642)
	at java.base/java.lang.Thread.run(Thread.java:1583)
Cleanup action completed
----------------------------------------------------------------
Wed Nov 13 12:45:17 CET 2024:
Booting Derby version The Apache Software Foundation - Apache Derby - 10.16.1.1 - (1901046): instance dd1c41a2-0193-2550-bd94-0000011013e0 
on database directory C:\Users\nuria\Desktop\master\App\Grupo_entrega\Saap_group\store-app\store-app\work\database with class loader jdk.internal.loader.ClassLoaders$AppClassLoader@33909752 
Loaded from file:/C:/Users/nuria/.m2/repository/org/apache/derby/derby/10.16.1.1/derby-10.16.1.1.jar
java.vendor=Eclipse Adoptium
java.runtime.version=21.0.4+7-LTS
user.dir=C:\Users\nuria\Desktop\master\App\Grupo_entrega\Saap_group\store-app\store-app
os.name=Windows 11
os.arch=amd64
os.version=10.0
derby.system.home=null
Database Class Loader started - derby.database.classpath=''
